Warning[205] C:\USERS\DANIEL\DOCUMENTS\PICI\TERMINAL18_8CZ\SERIAL_MPLAB.ASM 16 : Found directive in column 1. (IF)
Warning[205] C:\USERS\DANIEL\DOCUMENTS\PICI\TERMINAL18_8CZ\SERIAL_MPLAB.ASM 28 : Found directive in column 1. (IF)
Warning[205] C:\USERS\DANIEL\DOCUMENTS\PICI\TERMINAL18_8CZ\SERIAL_MPLAB.ASM 29 : Found directive in column 1. (list)
Warning[205] C:\USERS\DANIEL\DOCUMENTS\PICI\TERMINAL18_8CZ\SERIAL_MPLAB.ASM 30 : Found directive in column 1. (include)
Warning[230] C:\USERS\DANIEL\DOCUMENTS\PICI\TERMINAL18_8CZ\SERIAL_MPLAB.ASM 32 : __CONFIG has been deprecated for PIC18 devices.  Use directive CONFIG.
Warning[230] C:\USERS\DANIEL\DOCUMENTS\PICI\TERMINAL18_8CZ\SERIAL_MPLAB.ASM 33 : __CONFIG has been deprecated for PIC18 devices.  Use directive CONFIG.
Warning[230] C:\USERS\DANIEL\DOCUMENTS\PICI\TERMINAL18_8CZ\SERIAL_MPLAB.ASM 34 : __CONFIG has been deprecated for PIC18 devices.  Use directive CONFIG.
Warning[230] C:\USERS\DANIEL\DOCUMENTS\PICI\TERMINAL18_8CZ\SERIAL_MPLAB.ASM 35 : __CONFIG has been deprecated for PIC18 devices.  Use directive CONFIG.
Warning[230] C:\USERS\DANIEL\DOCUMENTS\PICI\TERMINAL18_8CZ\SERIAL_MPLAB.ASM 36 : __CONFIG has been deprecated for PIC18 devices.  Use directive CONFIG.
Warning[205] C:\USERS\DANIEL\DOCUMENTS\PICI\TERMINAL18_8CZ\SERIAL_MPLAB.ASM 37 : Found directive in column 1. (ENDIF)
Warning[205] C:\USERS\DANIEL\DOCUMENTS\PICI\TERMINAL18_8CZ\SERIAL_MPLAB.ASM 43 : Found directive in column 1. (include)
Warning[205] C:\USERS\DANIEL\DOCUMENTS\PICI\TERMINAL18_8CZ\SERIAL_MPLAB.ASM 448 : Found directive in column 1. (IF)
Warning[205] C:\USERS\DANIEL\DOCUMENTS\PICI\TERMINAL18_8CZ\SERIAL_MPLAB.ASM 454 : Found directive in column 1. (IF)
Warning[205] C:\USERS\DANIEL\DOCUMENTS\PICI\TERMINAL18_8CZ\SERIAL_MPLAB.ASM 458 : Found directive in column 1. (ENDIF)
Warning[205] C:\USERS\DANIEL\DOCUMENTS\PICI\TERMINAL18_8CZ\SERIAL_MPLAB.ASM 661 : Found directive in column 1. (include)
Warning[205] C:\USERS\DANIEL\DOCUMENTS\PICI\TERMINAL18_8CZ\SERIAL_MPLAB.ASM 663 : Found directive in column 1. (include)
Warning[205] ../LIBS/LCD4BIT18.ASM 14 : Found directive in column 1. (IF)
Warning[205] ../LIBS/LCD4BIT18.ASM 22 : Found directive in column 1. (IF)
Warning[205] ../LIBS/LCD4BIT18.ASM 30 : Found directive in column 1. (ENDIF)
Warning[205] ../LIBS/LCD4BIT18.ASM 51 : Found directive in column 1. (IF)
Warning[205] ../LIBS/LCD4BIT18.ASM 66 : Found directive in column 1. (IF)
Warning[205] ../LIBS/LCD4BIT18.ASM 70 : Found directive in column 1. (ENDIF)
Warning[205] ../LIBS/LCD4BIT18.ASM 157 : Found directive in column 1. (IF)
Warning[205] ../LIBS/LCD4BIT18.ASM 162 : Found directive in column 1. (ENDIF)
Warning[205] ../LIBS/LCD4BIT18.ASM 164 : Found directive in column 1. (IF)
Warning[205] ../LIBS/LCD4BIT18.ASM 197 : Found directive in column 1. (IF)
Warning[205] ../LIBS/LCD4BIT18.ASM 201 : Found directive in column 1. (ENDIF)
Warning[205] ../LIBS/LCD4BIT18.ASM 212 : Found directive in column 1. (IF)
Warning[205] ../LIBS/LCD4BIT18.ASM 215 : Found directive in column 1. (ENDIF)
Warning[205] ../LIBS/LCD4BIT18.ASM 217 : Found directive in column 1. (IF)
Warning[205] ../LIBS/LCD4BIT18.ASM 247 : Found directive in column 1. (IF)
Warning[205] ../LIBS/LCD4BIT18.ASM 252 : Found directive in column 1. (ENDIF)
Warning[205] ../LIBS/LCD4BIT18.ASM 254 : Found directive in column 1. (IF)
Warning[205] ../LIBS/LCD4BIT18.ASM 266 : Found directive in column 1. (IF)
Warning[205] ../LIBS/LCD4BIT18.ASM 270 : Found directive in column 1. (IF)
Warning[205] ../LIBS/LCD4BIT18.ASM 274 : Found directive in column 1. (ENDIF)
Warning[205] C:\USERS\DANIEL\DOCUMENTS\PICI\TERMINAL18_8CZ\SERIAL_MPLAB.ASM 667 : Found directive in column 1. (include)
Warning[205] C:\USERS\DANIEL\DOCUMENTS\PICI\TERMINAL18_8CZ\SERIAL_MPLAB.ASM 692 : Found directive in column 1. (IF)
Warning[205] C:\USERS\DANIEL\DOCUMENTS\PICI\TERMINAL18_8CZ\SERIAL_MPLAB.ASM 704 : Found directive in column 1. (ENDIF)
Warning[205] C:\USERS\DANIEL\DOCUMENTS\PICI\TERMINAL18_8CZ\SERIAL_MPLAB.ASM 746 : Found directive in column 1. (IF)
Warning[205] C:\USERS\DANIEL\DOCUMENTS\PICI\TERMINAL18_8CZ\SERIAL_MPLAB.ASM 750 : Found directive in column 1. (IF)
Warning[205] C:\USERS\DANIEL\DOCUMENTS\PICI\TERMINAL18_8CZ\SERIAL_MPLAB.ASM 756 : Found directive in column 1. (ENDIF)
Warning[205] C:\USERS\DANIEL\DOCUMENTS\PICI\TERMINAL18_8CZ\SERIAL_MPLAB.ASM 1057 : Found directive in column 1. (IF)
Warning[205] C:\USERS\DANIEL\DOCUMENTS\PICI\TERMINAL18_8CZ\SERIAL_MPLAB.ASM 1064 : Found directive in column 1. (IF)
Warning[205] C:\USERS\DANIEL\DOCUMENTS\PICI\TERMINAL18_8CZ\SERIAL_MPLAB.ASM 1070 : Found directive in column 1. (ENDIF)
Warning[208] C:\USERS\DANIEL\DOCUMENTS\PICI\TERMINAL18_8CZ\SERIAL_MPLAB.ASM 1514 : Label truncated at 32 characters. (ustaw_wartosc_dzielenia_usredniania)
Warning[208] C:\USERS\DANIEL\DOCUMENTS\PICI\TERMINAL18_8CZ\SERIAL_MPLAB.ASM 1828 : Label truncated at 32 characters. (petla_wysylania_odebranych_bajtow)
Warning[208] C:\USERS\DANIEL\DOCUMENTS\PICI\TERMINAL18_8CZ\SERIAL_MPLAB.ASM 1851 : Label truncated at 32 characters. (ustawienie_liczby_odbieranych_bajtow)
Warning[208] C:\USERS\DANIEL\DOCUMENTS\PICI\TERMINAL18_8CZ\SERIAL_MPLAB.ASM 1864 : Label truncated at 32 characters. (ustawienie_liczby_odbieranych_bajtow_zero)
Error[116]   C:\USERS\DANIEL\DOCUMENTS\PICI\TERMINAL18_8CZ\SERIAL_MPLAB.ASM 1864 : Address label duplicated or different in second pass (ustawienie_liczby_odbieranych_ba)
Warning[208] C:\USERS\DANIEL\DOCUMENTS\PICI\TERMINAL18_8CZ\SERIAL_MPLAB.ASM 1916 : Label truncated at 32 characters. (rozkaz_rejestracji_poprawki_pomiaru_temperatury)
Warning[208] C:\USERS\DANIEL\DOCUMENTS\PICI\TERMINAL18_8CZ\SERIAL_MPLAB.ASM 1968 : Label truncated at 32 characters. (wybrano_czujnik_regulatora_wiekszy_od_7)
Warning[205] C:\USERS\DANIEL\DOCUMENTS\PICI\TERMINAL18_8CZ\SERIAL_MPLAB.ASM 1983 : Found directive in column 1. (IF)
Warning[205] C:\USERS\DANIEL\DOCUMENTS\PICI\TERMINAL18_8CZ\SERIAL_MPLAB.ASM 1985 : Found directive in column 1. (ENDIF)
Warning[205] C:\USERS\DANIEL\DOCUMENTS\PICI\TERMINAL18_8CZ\SERIAL_MPLAB.ASM 1986 : Found directive in column 1. (IF)
Warning[205] C:\USERS\DANIEL\DOCUMENTS\PICI\TERMINAL18_8CZ\SERIAL_MPLAB.ASM 2419 : Found directive in column 1. (IF)
Warning[205] C:\USERS\DANIEL\DOCUMENTS\PICI\TERMINAL18_8CZ\SERIAL_MPLAB.ASM 2422 : Found directive in column 1. (IF)
Warning[205] C:\USERS\DANIEL\DOCUMENTS\PICI\TERMINAL18_8CZ\SERIAL_MPLAB.ASM 2424 : Found directive in column 1. (ENDIF)
Warning[208] C:\USERS\DANIEL\DOCUMENTS\PICI\TERMINAL18_8CZ\SERIAL_MPLAB.ASM 2490 : Label truncated at 32 characters. (zapisz_do_pamieci_nie_sprawdzaj_przekroczenia)
Warning[205] C:\USERS\DANIEL\DOCUMENTS\PICI\TERMINAL18_8CZ\SERIAL_MPLAB.ASM 2530 : Found directive in column 1. (IF)
Warning[205] C:\USERS\DANIEL\DOCUMENTS\PICI\TERMINAL18_8CZ\SERIAL_MPLAB.ASM 2655 : Found directive in column 1. (ENDIF)
Warning[205] C:\USERS\DANIEL\DOCUMENTS\PICI\TERMINAL18_8CZ\SERIAL_MPLAB.ASM 2686 : Found directive in column 1. (IF)
Warning[205] C:\USERS\DANIEL\DOCUMENTS\PICI\TERMINAL18_8CZ\SERIAL_MPLAB.ASM 2708 : Found directive in column 1. (ENDIF)
Warning[205] C:\USERS\DANIEL\DOCUMENTS\PICI\TERMINAL18_8CZ\SERIAL_MPLAB.ASM 2718 : Found directive in column 1. (IF)
Warning[205] C:\USERS\DANIEL\DOCUMENTS\PICI\TERMINAL18_8CZ\SERIAL_MPLAB.ASM 2741 : Found directive in column 1. (ENDIF)
Warning[208] C:\USERS\DANIEL\DOCUMENTS\PICI\TERMINAL18_8CZ\SERIAL_MPLAB.ASM 2832 : Label truncated at 32 characters. (sprawdz_czy_mam_dalej_mierzyc_prad)
Warning[208] C:\USERS\DANIEL\DOCUMENTS\PICI\TERMINAL18_8CZ\SERIAL_MPLAB.ASM 2858 : Label truncated at 32 characters. (wykonano_pomiary_wszystkich_kanalow)
Warning[208] C:\USERS\DANIEL\DOCUMENTS\PICI\TERMINAL18_8CZ\SERIAL_MPLAB.ASM 3080 : Label truncated at 32 characters. (zmierz_nastepny_czujnik_temperatury)
Warning[205] C:\USERS\DANIEL\DOCUMENTS\PICI\TERMINAL18_8CZ\SERIAL_MPLAB.ASM 3109 : Found directive in column 1. (IF)
Warning[205] C:\USERS\DANIEL\DOCUMENTS\PICI\TERMINAL18_8CZ\SERIAL_MPLAB.ASM 3121 : Found directive in column 1. (IF)
Warning[205] C:\USERS\DANIEL\DOCUMENTS\PICI\TERMINAL18_8CZ\SERIAL_MPLAB.ASM 3131 : Found directive in column 1. (ENDIF)
Warning[205] C:\USERS\DANIEL\DOCUMENTS\PICI\TERMINAL18_8CZ\SERIAL_MPLAB.ASM 3146 : Found directive in column 1. (IF)
Warning[205] C:\USERS\DANIEL\DOCUMENTS\PICI\TERMINAL18_8CZ\SERIAL_MPLAB.ASM 3150 : Found directive in column 1. (IF)
Warning[205] C:\USERS\DANIEL\DOCUMENTS\PICI\TERMINAL18_8CZ\SERIAL_MPLAB.ASM 3153 : Found directive in column 1. (ENDIF)
Warning[208] C:\USERS\DANIEL\DOCUMENTS\PICI\TERMINAL18_8CZ\SERIAL_MPLAB.ASM 3242 : Label truncated at 32 characters. (sprawdz_czy_wlaczyc_szybka_zmiane)
Warning[208] C:\USERS\DANIEL\DOCUMENTS\PICI\TERMINAL18_8CZ\SERIAL_MPLAB.ASM 3253 : Label truncated at 32 characters. (sprawdz_czy_wlaczyc_szybka_zmiane2)
Error[116]   C:\USERS\DANIEL\DOCUMENTS\PICI\TERMINAL18_8CZ\SERIAL_MPLAB.ASM 3253 : Address label duplicated or different in second pass (sprawdz_czy_wlaczyc_szybka_zmian)
Warning[208] C:\USERS\DANIEL\DOCUMENTS\PICI\TERMINAL18_8CZ\SERIAL_MPLAB.ASM 3260 : Label truncated at 32 characters. (sprawdz_czy_wlaczyc_szybka_zmiane3)
Error[116]   C:\USERS\DANIEL\DOCUMENTS\PICI\TERMINAL18_8CZ\SERIAL_MPLAB.ASM 3260 : Address label duplicated or different in second pass (sprawdz_czy_wlaczyc_szybka_zmian)
Warning[208] C:\USERS\DANIEL\DOCUMENTS\PICI\TERMINAL18_8CZ\SERIAL_MPLAB.ASM 3264 : Label truncated at 32 characters. (ustaw_sprawdzanie_szybkiej_zmiany)
Warning[208] C:\USERS\DANIEL\DOCUMENTS\PICI\TERMINAL18_8CZ\SERIAL_MPLAB.ASM 3354 : Label truncated at 32 characters. (wykryto_down_sprawdz_czy_wyswietlam_kolejne_opcje)
Warning[208] C:\USERS\DANIEL\DOCUMENTS\PICI\TERMINAL18_8CZ\SERIAL_MPLAB.ASM 3449 : Label truncated at 32 characters. (wykryto_down_wyswietl_opcje_tablicy_druga)
Warning[208] C:\USERS\DANIEL\DOCUMENTS\PICI\TERMINAL18_8CZ\SERIAL_MPLAB.ASM 3464 : Label truncated at 32 characters. (wykryto_down_wyswietl_opcje_tablicy_trzy)
Error[116]   C:\USERS\DANIEL\DOCUMENTS\PICI\TERMINAL18_8CZ\SERIAL_MPLAB.ASM 3464 : Address label duplicated or different in second pass (wykryto_down_wyswietl_opcje_tabl)
Warning[208] C:\USERS\DANIEL\DOCUMENTS\PICI\TERMINAL18_8CZ\SERIAL_MPLAB.ASM 3479 : Label truncated at 32 characters. (wykryto_down_wyswietl_opcje_tablicy_cztery)
Error[116]   C:\USERS\DANIEL\DOCUMENTS\PICI\TERMINAL18_8CZ\SERIAL_MPLAB.ASM 3479 : Address label duplicated or different in second pass (wykryto_down_wyswietl_opcje_tabl)
Warning[208] C:\USERS\DANIEL\DOCUMENTS\PICI\TERMINAL18_8CZ\SERIAL_MPLAB.ASM 3490 : Label truncated at 32 characters. (wykryto_down_zmiana_polozenia_gwiazdki)
Warning[208] C:\USERS\DANIEL\DOCUMENTS\PICI\TERMINAL18_8CZ\SERIAL_MPLAB.ASM 3539 : Label truncated at 32 characters. (wykryto_down_zmiana_opcji_wyswietl_kanaly)
Warning[208] C:\USERS\DANIEL\DOCUMENTS\PICI\TERMINAL18_8CZ\SERIAL_MPLAB.ASM 3586 : Label truncated at 32 characters. (wykryto_down_sprawdz_3_zmniejsz_probki)
Warning[208] C:\USERS\DANIEL\DOCUMENTS\PICI\TERMINAL18_8CZ\SERIAL_MPLAB.ASM 3641 : Label truncated at 32 characters. (wykryto_down_sprawdz_5_zawracanie)
Warning[208] C:\USERS\DANIEL\DOCUMENTS\PICI\TERMINAL18_8CZ\SERIAL_MPLAB.ASM 3915 : Label truncated at 32 characters. (wykryto_up_sprawdz_czy_wyswietlam_kolejne_opcje)
Warning[208] C:\USERS\DANIEL\DOCUMENTS\PICI\TERMINAL18_8CZ\SERIAL_MPLAB.ASM 3987 : Label truncated at 32 characters. (wykryto_up_wyswietl_opcje_tablicy_pierwsza)
Warning[208] C:\USERS\DANIEL\DOCUMENTS\PICI\TERMINAL18_8CZ\SERIAL_MPLAB.ASM 4009 : Label truncated at 32 characters. (wykryto_up_wyswietl_opcje_tablicy_dwa)
Error[116]   C:\USERS\DANIEL\DOCUMENTS\PICI\TERMINAL18_8CZ\SERIAL_MPLAB.ASM 4009 : Address label duplicated or different in second pass (wykryto_up_wyswietl_opcje_tablic)
Warning[208] C:\USERS\DANIEL\DOCUMENTS\PICI\TERMINAL18_8CZ\SERIAL_MPLAB.ASM 4036 : Label truncated at 32 characters. (wykryto_up_wyswietl_opcje_tablicy_trzy)
Error[116]   C:\USERS\DANIEL\DOCUMENTS\PICI\TERMINAL18_8CZ\SERIAL_MPLAB.ASM 4036 : Address label duplicated or different in second pass (wykryto_up_wyswietl_opcje_tablic)
Warning[208] C:\USERS\DANIEL\DOCUMENTS\PICI\TERMINAL18_8CZ\SERIAL_MPLAB.ASM 4057 : Label truncated at 32 characters. (wykryto_up_wyswietl_opcje_tablicy_end)
Error[116]   C:\USERS\DANIEL\DOCUMENTS\PICI\TERMINAL18_8CZ\SERIAL_MPLAB.ASM 4057 : Address label duplicated or different in second pass (wykryto_up_wyswietl_opcje_tablic)
Warning[208] C:\USERS\DANIEL\DOCUMENTS\PICI\TERMINAL18_8CZ\SERIAL_MPLAB.ASM 4084 : Label truncated at 32 characters. (wykryto_up_zmiana_polozenia_gwiazdki)
Warning[208] C:\USERS\DANIEL\DOCUMENTS\PICI\TERMINAL18_8CZ\SERIAL_MPLAB.ASM 4134 : Label truncated at 32 characters. (wykryto_up_zmiana_opcji_wyswietl_kanaly)
Warning[208] C:\USERS\DANIEL\DOCUMENTS\PICI\TERMINAL18_8CZ\SERIAL_MPLAB.ASM 4183 : Label truncated at 32 characters. (wykryto_up_sprawdz_3_zwieksz_probki)
Warning[208] C:\USERS\DANIEL\DOCUMENTS\PICI\TERMINAL18_8CZ\SERIAL_MPLAB.ASM 4337 : Label truncated at 32 characters. (sprawdz_zwiekszanie_godzin_normalnie)
Warning[208] C:\USERS\DANIEL\DOCUMENTS\PICI\TERMINAL18_8CZ\SERIAL_MPLAB.ASM 4588 : Label truncated at 32 characters. (sprawdz_czy_wchodze_do_zmiany_opcji)
Warning[208] C:\USERS\DANIEL\DOCUMENTS\PICI\TERMINAL18_8CZ\SERIAL_MPLAB.ASM 5042 : Label truncated at 32 characters. (odczytaj_adres_polozenia_gwiazdki)
Warning[208] C:\USERS\DANIEL\DOCUMENTS\PICI\TERMINAL18_8CZ\SERIAL_MPLAB.ASM 5065 : Label truncated at 32 characters. (wykryto_enter_gdzie_wyswietlam_liczbe_bajtowa)
Warning[208] C:\USERS\DANIEL\DOCUMENTS\PICI\TERMINAL18_8CZ\SERIAL_MPLAB.ASM 5114 : Label truncated at 32 characters. (enter_back_wyjsc_z_opcji_czujniki)
Warning[208] C:\USERS\DANIEL\DOCUMENTS\PICI\TERMINAL18_8CZ\SERIAL_MPLAB.ASM 5130 : Label truncated at 32 characters. (procedura_wyswietlania_kolejnych_liczb_zegara)
Warning[208] C:\USERS\DANIEL\DOCUMENTS\PICI\TERMINAL18_8CZ\SERIAL_MPLAB.ASM 5144 : Label truncated at 32 characters. (procedura_wyswietlania_kolejnych_liczb_zegara_1)
Error[116]   C:\USERS\DANIEL\DOCUMENTS\PICI\TERMINAL18_8CZ\SERIAL_MPLAB.ASM 5144 : Address label duplicated or different in second pass (procedura_wyswietlania_kolejnych)
Warning[208] C:\USERS\DANIEL\DOCUMENTS\PICI\TERMINAL18_8CZ\SERIAL_MPLAB.ASM 5150 : Label truncated at 32 characters. (procedura_wyswietlania_kolejnych_liczb_zegara_2)
Error[116]   C:\USERS\DANIEL\DOCUMENTS\PICI\TERMINAL18_8CZ\SERIAL_MPLAB.ASM 5150 : Address label duplicated or different in second pass (procedura_wyswietlania_kolejnych)
Warning[208] C:\USERS\DANIEL\DOCUMENTS\PICI\TERMINAL18_8CZ\SERIAL_MPLAB.ASM 5157 : Label truncated at 32 characters. (procedura_wyswietlania_kolejnych_liczb_zegara_3)
Error[116]   C:\USERS\DANIEL\DOCUMENTS\PICI\TERMINAL18_8CZ\SERIAL_MPLAB.ASM 5157 : Address label duplicated or different in second pass (procedura_wyswietlania_kolejnych)
Warning[208] C:\USERS\DANIEL\DOCUMENTS\PICI\TERMINAL18_8CZ\SERIAL_MPLAB.ASM 5163 : Label truncated at 32 characters. (procedura_wyswietlania_kolejnych_liczb_zegara_4)
Error[116]   C:\USERS\DANIEL\DOCUMENTS\PICI\TERMINAL18_8CZ\SERIAL_MPLAB.ASM 5163 : Address label duplicated or different in second pass (procedura_wyswietlania_kolejnych)
Warning[208] C:\USERS\DANIEL\DOCUMENTS\PICI\TERMINAL18_8CZ\SERIAL_MPLAB.ASM 5188 : Label truncated at 32 characters. (enter_back_wyjsc_z_opcji_wyswietlanie_liczby)
Warning[205] C:\USERS\DANIEL\DOCUMENTS\PICI\TERMINAL18_8CZ\SERIAL_MPLAB.ASM 5449 : Found directive in column 1. (IF)
Warning[205] C:\USERS\DANIEL\DOCUMENTS\PICI\TERMINAL18_8CZ\SERIAL_MPLAB.ASM 5452 : Found directive in column 1. (ENDIF)
Warning[205] C:\USERS\DANIEL\DOCUMENTS\PICI\TERMINAL18_8CZ\SERIAL_MPLAB.ASM 5454 : Found directive in column 1. (IF)
Warning[205] C:\USERS\DANIEL\DOCUMENTS\PICI\TERMINAL18_8CZ\SERIAL_MPLAB.ASM 5464 : Found directive in column 1. (IF)
Warning[205] C:\USERS\DANIEL\DOCUMENTS\PICI\TERMINAL18_8CZ\SERIAL_MPLAB.ASM 5467 : Found directive in column 1. (ENDIF)
Warning[205] C:\USERS\DANIEL\DOCUMENTS\PICI\TERMINAL18_8CZ\SERIAL_MPLAB.ASM 5469 : Found directive in column 1. (IF)
