Warning[205] C:\USERS\DANIEL\DOCUMENTS\PICI\TERMINAL18_8CZ_REG2\SERIAL_DWA_REGULATORY.ASM 27 : Found directive in column 1. (IF)
Warning[205] C:\USERS\DANIEL\DOCUMENTS\PICI\TERMINAL18_8CZ_REG2\SERIAL_DWA_REGULATORY.ASM 39 : Found directive in column 1. (IF)
Warning[205] C:\USERS\DANIEL\DOCUMENTS\PICI\TERMINAL18_8CZ_REG2\SERIAL_DWA_REGULATORY.ASM 40 : Found directive in column 1. (LIST)
Warning[205] C:\USERS\DANIEL\DOCUMENTS\PICI\TERMINAL18_8CZ_REG2\SERIAL_DWA_REGULATORY.ASM 41 : Found directive in column 1. (include)
Warning[230] C:\USERS\DANIEL\DOCUMENTS\PICI\TERMINAL18_8CZ_REG2\SERIAL_DWA_REGULATORY.ASM 43 : __CONFIG has been deprecated for PIC18 devices.  Use directive CONFIG.
Warning[230] C:\USERS\DANIEL\DOCUMENTS\PICI\TERMINAL18_8CZ_REG2\SERIAL_DWA_REGULATORY.ASM 44 : __CONFIG has been deprecated for PIC18 devices.  Use directive CONFIG.
Warning[230] C:\USERS\DANIEL\DOCUMENTS\PICI\TERMINAL18_8CZ_REG2\SERIAL_DWA_REGULATORY.ASM 45 : __CONFIG has been deprecated for PIC18 devices.  Use directive CONFIG.
Warning[230] C:\USERS\DANIEL\DOCUMENTS\PICI\TERMINAL18_8CZ_REG2\SERIAL_DWA_REGULATORY.ASM 46 : __CONFIG has been deprecated for PIC18 devices.  Use directive CONFIG.
Warning[230] C:\USERS\DANIEL\DOCUMENTS\PICI\TERMINAL18_8CZ_REG2\SERIAL_DWA_REGULATORY.ASM 47 : __CONFIG has been deprecated for PIC18 devices.  Use directive CONFIG.
Warning[205] C:\USERS\DANIEL\DOCUMENTS\PICI\TERMINAL18_8CZ_REG2\SERIAL_DWA_REGULATORY.ASM 48 : Found directive in column 1. (ENDIF)
Warning[205] C:\USERS\DANIEL\DOCUMENTS\PICI\TERMINAL18_8CZ_REG2\SERIAL_DWA_REGULATORY.ASM 54 : Found directive in column 1. (include)
Warning[205] C:\USERS\DANIEL\DOCUMENTS\PICI\TERMINAL18_8CZ_REG2\SERIAL_DWA_REGULATORY.ASM 464 : Found directive in column 1. (IF)
Warning[205] C:\USERS\DANIEL\DOCUMENTS\PICI\TERMINAL18_8CZ_REG2\SERIAL_DWA_REGULATORY.ASM 470 : Found directive in column 1. (IF)
Warning[205] C:\USERS\DANIEL\DOCUMENTS\PICI\TERMINAL18_8CZ_REG2\SERIAL_DWA_REGULATORY.ASM 474 : Found directive in column 1. (ENDIF)
Warning[205] C:\USERS\DANIEL\DOCUMENTS\PICI\TERMINAL18_8CZ_REG2\SERIAL_DWA_REGULATORY.ASM 677 : Found directive in column 1. (include)
Warning[205] C:\USERS\DANIEL\DOCUMENTS\PICI\TERMINAL18_8CZ_REG2\SERIAL_DWA_REGULATORY.ASM 679 : Found directive in column 1. (include)
Warning[205] ../LIBS/LCD4BIT18.ASM 14 : Found directive in column 1. (IF)
Warning[205] ../LIBS/LCD4BIT18.ASM 22 : Found directive in column 1. (IF)
Warning[205] ../LIBS/LCD4BIT18.ASM 30 : Found directive in column 1. (ENDIF)
Warning[205] ../LIBS/LCD4BIT18.ASM 51 : Found directive in column 1. (IF)
Warning[205] ../LIBS/LCD4BIT18.ASM 66 : Found directive in column 1. (IF)
Warning[205] ../LIBS/LCD4BIT18.ASM 70 : Found directive in column 1. (ENDIF)
Warning[205] ../LIBS/LCD4BIT18.ASM 157 : Found directive in column 1. (IF)
Warning[205] ../LIBS/LCD4BIT18.ASM 162 : Found directive in column 1. (ENDIF)
Warning[205] ../LIBS/LCD4BIT18.ASM 164 : Found directive in column 1. (IF)
Warning[205] ../LIBS/LCD4BIT18.ASM 197 : Found directive in column 1. (IF)
Warning[205] ../LIBS/LCD4BIT18.ASM 201 : Found directive in column 1. (ENDIF)
Warning[205] ../LIBS/LCD4BIT18.ASM 212 : Found directive in column 1. (IF)
Warning[205] ../LIBS/LCD4BIT18.ASM 215 : Found directive in column 1. (ENDIF)
Warning[205] ../LIBS/LCD4BIT18.ASM 217 : Found directive in column 1. (IF)
Warning[205] ../LIBS/LCD4BIT18.ASM 248 : Found directive in column 1. (IF)
Warning[205] ../LIBS/LCD4BIT18.ASM 252 : Found directive in column 1. (ENDIF)
Warning[205] ../LIBS/LCD4BIT18.ASM 254 : Found directive in column 1. (IF)
Warning[205] ../LIBS/LCD4BIT18.ASM 266 : Found directive in column 1. (IF)
Warning[205] ../LIBS/LCD4BIT18.ASM 270 : Found directive in column 1. (IF)
Warning[205] ../LIBS/LCD4BIT18.ASM 274 : Found directive in column 1. (ENDIF)
Warning[205] C:\USERS\DANIEL\DOCUMENTS\PICI\TERMINAL18_8CZ_REG2\SERIAL_DWA_REGULATORY.ASM 683 : Found directive in column 1. (include)
Warning[205] C:\USERS\DANIEL\DOCUMENTS\PICI\TERMINAL18_8CZ_REG2\SERIAL_DWA_REGULATORY.ASM 708 : Found directive in column 1. (IF)
Warning[205] C:\USERS\DANIEL\DOCUMENTS\PICI\TERMINAL18_8CZ_REG2\SERIAL_DWA_REGULATORY.ASM 720 : Found directive in column 1. (ENDIF)
Warning[205] C:\USERS\DANIEL\DOCUMENTS\PICI\TERMINAL18_8CZ_REG2\SERIAL_DWA_REGULATORY.ASM 762 : Found directive in column 1. (IF)
Warning[205] C:\USERS\DANIEL\DOCUMENTS\PICI\TERMINAL18_8CZ_REG2\SERIAL_DWA_REGULATORY.ASM 766 : Found directive in column 1. (IF)
Warning[205] C:\USERS\DANIEL\DOCUMENTS\PICI\TERMINAL18_8CZ_REG2\SERIAL_DWA_REGULATORY.ASM 772 : Found directive in column 1. (ENDIF)
Warning[205] C:\USERS\DANIEL\DOCUMENTS\PICI\TERMINAL18_8CZ_REG2\SERIAL_DWA_REGULATORY.ASM 1092 : Found directive in column 1. (IF)
Warning[205] C:\USERS\DANIEL\DOCUMENTS\PICI\TERMINAL18_8CZ_REG2\SERIAL_DWA_REGULATORY.ASM 1099 : Found directive in column 1. (IF)
Warning[205] C:\USERS\DANIEL\DOCUMENTS\PICI\TERMINAL18_8CZ_REG2\SERIAL_DWA_REGULATORY.ASM 1105 : Found directive in column 1. (ENDIF)
Warning[208] C:\USERS\DANIEL\DOCUMENTS\PICI\TERMINAL18_8CZ_REG2\SERIAL_DWA_REGULATORY.ASM 1483 : Label truncated at 32 characters. (ustaw_wartosc_dzielenia_usredniania)
Warning[208] C:\USERS\DANIEL\DOCUMENTS\PICI\TERMINAL18_8CZ_REG2\SERIAL_DWA_REGULATORY.ASM 1565 : Label truncated at 32 characters. (rozkaz_rejestracji_poprawki_pomiaru_temperatury)
Warning[208] C:\USERS\DANIEL\DOCUMENTS\PICI\TERMINAL18_8CZ_REG2\SERIAL_DWA_REGULATORY.ASM 1617 : Label truncated at 32 characters. (wybrano_czujnik_regulatora_wiekszy_od_7)
Warning[205] C:\USERS\DANIEL\DOCUMENTS\PICI\TERMINAL18_8CZ_REG2\SERIAL_DWA_REGULATORY.ASM 1632 : Found directive in column 1. (IF)
Warning[205] C:\USERS\DANIEL\DOCUMENTS\PICI\TERMINAL18_8CZ_REG2\SERIAL_DWA_REGULATORY.ASM 1634 : Found directive in column 1. (ENDIF)
Warning[205] C:\USERS\DANIEL\DOCUMENTS\PICI\TERMINAL18_8CZ_REG2\SERIAL_DWA_REGULATORY.ASM 1635 : Found directive in column 1. (IF)
Warning[205] C:\USERS\DANIEL\DOCUMENTS\PICI\TERMINAL18_8CZ_REG2\SERIAL_DWA_REGULATORY.ASM 2088 : Found directive in column 1. (IF)
Warning[205] C:\USERS\DANIEL\DOCUMENTS\PICI\TERMINAL18_8CZ_REG2\SERIAL_DWA_REGULATORY.ASM 2091 : Found directive in column 1. (IF)
Warning[205] C:\USERS\DANIEL\DOCUMENTS\PICI\TERMINAL18_8CZ_REG2\SERIAL_DWA_REGULATORY.ASM 2093 : Found directive in column 1. (ENDIF)
Warning[208] C:\USERS\DANIEL\DOCUMENTS\PICI\TERMINAL18_8CZ_REG2\SERIAL_DWA_REGULATORY.ASM 2160 : Label truncated at 32 characters. (zapisz_do_pamieci_nie_sprawdzaj_przekroczenia)
Warning[205] C:\USERS\DANIEL\DOCUMENTS\PICI\TERMINAL18_8CZ_REG2\SERIAL_DWA_REGULATORY.ASM 2247 : Found directive in column 1. (IF)
Warning[205] C:\USERS\DANIEL\DOCUMENTS\PICI\TERMINAL18_8CZ_REG2\SERIAL_DWA_REGULATORY.ASM 2372 : Found directive in column 1. (ENDIF)
Warning[205] C:\USERS\DANIEL\DOCUMENTS\PICI\TERMINAL18_8CZ_REG2\SERIAL_DWA_REGULATORY.ASM 2403 : Found directive in column 1. (IF)
Warning[205] C:\USERS\DANIEL\DOCUMENTS\PICI\TERMINAL18_8CZ_REG2\SERIAL_DWA_REGULATORY.ASM 2426 : Found directive in column 1. (ENDIF)
Warning[205] C:\USERS\DANIEL\DOCUMENTS\PICI\TERMINAL18_8CZ_REG2\SERIAL_DWA_REGULATORY.ASM 2436 : Found directive in column 1. (IF)
Warning[205] C:\USERS\DANIEL\DOCUMENTS\PICI\TERMINAL18_8CZ_REG2\SERIAL_DWA_REGULATORY.ASM 2491 : Found directive in column 1. (ENDIF)
Warning[208] C:\USERS\DANIEL\DOCUMENTS\PICI\TERMINAL18_8CZ_REG2\SERIAL_DWA_REGULATORY.ASM 2761 : Label truncated at 32 characters. (sprawdz_czy_mam_dalej_mierzyc_prad)
Warning[208] C:\USERS\DANIEL\DOCUMENTS\PICI\TERMINAL18_8CZ_REG2\SERIAL_DWA_REGULATORY.ASM 2787 : Label truncated at 32 characters. (wykonano_pomiary_wszystkich_kanalow)
Warning[208] C:\USERS\DANIEL\DOCUMENTS\PICI\TERMINAL18_8CZ_REG2\SERIAL_DWA_REGULATORY.ASM 2979 : Label truncated at 32 characters. (zmierz_nastepny_czujnik_temperatury)
Warning[205] C:\USERS\DANIEL\DOCUMENTS\PICI\TERMINAL18_8CZ_REG2\SERIAL_DWA_REGULATORY.ASM 3008 : Found directive in column 1. (IF)
Warning[205] C:\USERS\DANIEL\DOCUMENTS\PICI\TERMINAL18_8CZ_REG2\SERIAL_DWA_REGULATORY.ASM 3020 : Found directive in column 1. (IF)
Warning[205] C:\USERS\DANIEL\DOCUMENTS\PICI\TERMINAL18_8CZ_REG2\SERIAL_DWA_REGULATORY.ASM 3030 : Found directive in column 1. (ENDIF)
Warning[205] C:\USERS\DANIEL\DOCUMENTS\PICI\TERMINAL18_8CZ_REG2\SERIAL_DWA_REGULATORY.ASM 3045 : Found directive in column 1. (IF)
Warning[205] C:\USERS\DANIEL\DOCUMENTS\PICI\TERMINAL18_8CZ_REG2\SERIAL_DWA_REGULATORY.ASM 3049 : Found directive in column 1. (IF)
Warning[205] C:\USERS\DANIEL\DOCUMENTS\PICI\TERMINAL18_8CZ_REG2\SERIAL_DWA_REGULATORY.ASM 3052 : Found directive in column 1. (ENDIF)
Warning[208] C:\USERS\DANIEL\DOCUMENTS\PICI\TERMINAL18_8CZ_REG2\SERIAL_DWA_REGULATORY.ASM 3141 : Label truncated at 32 characters. (sprawdz_czy_wlaczyc_szybka_zmiane)
Warning[208] C:\USERS\DANIEL\DOCUMENTS\PICI\TERMINAL18_8CZ_REG2\SERIAL_DWA_REGULATORY.ASM 3152 : Label truncated at 32 characters. (sprawdz_czy_wlaczyc_szybka_zmiane2)
Error[116]   C:\USERS\DANIEL\DOCUMENTS\PICI\TERMINAL18_8CZ_REG2\SERIAL_DWA_REGULATORY.ASM 3152 : Address label duplicated or different in second pass (sprawdz_czy_wlaczyc_szybka_zmian)
Warning[208] C:\USERS\DANIEL\DOCUMENTS\PICI\TERMINAL18_8CZ_REG2\SERIAL_DWA_REGULATORY.ASM 3159 : Label truncated at 32 characters. (sprawdz_czy_wlaczyc_szybka_zmiane3)
Error[116]   C:\USERS\DANIEL\DOCUMENTS\PICI\TERMINAL18_8CZ_REG2\SERIAL_DWA_REGULATORY.ASM 3159 : Address label duplicated or different in second pass (sprawdz_czy_wlaczyc_szybka_zmian)
Warning[208] C:\USERS\DANIEL\DOCUMENTS\PICI\TERMINAL18_8CZ_REG2\SERIAL_DWA_REGULATORY.ASM 3166 : Label truncated at 32 characters. (sprawdz_czy_wlaczyc_szybka_zmiane4)
Error[116]   C:\USERS\DANIEL\DOCUMENTS\PICI\TERMINAL18_8CZ_REG2\SERIAL_DWA_REGULATORY.ASM 3166 : Address label duplicated or different in second pass (sprawdz_czy_wlaczyc_szybka_zmian)
Warning[208] C:\USERS\DANIEL\DOCUMENTS\PICI\TERMINAL18_8CZ_REG2\SERIAL_DWA_REGULATORY.ASM 3169 : Label truncated at 32 characters. (ustaw_sprawdzanie_szybkiej_zmiany)
Warning[208] C:\USERS\DANIEL\DOCUMENTS\PICI\TERMINAL18_8CZ_REG2\SERIAL_DWA_REGULATORY.ASM 3284 : Label truncated at 32 characters. (wykryto_down_sprawdz_czy_wyswietlam_kolejne_opcje)
Warning[208] C:\USERS\DANIEL\DOCUMENTS\PICI\TERMINAL18_8CZ_REG2\SERIAL_DWA_REGULATORY.ASM 3383 : Label truncated at 32 characters. (wykryto_down_wyswietl_opcje_tablicy_druga)
Warning[208] C:\USERS\DANIEL\DOCUMENTS\PICI\TERMINAL18_8CZ_REG2\SERIAL_DWA_REGULATORY.ASM 3398 : Label truncated at 32 characters. (wykryto_down_wyswietl_opcje_tablicy_trzy)
Error[116]   C:\USERS\DANIEL\DOCUMENTS\PICI\TERMINAL18_8CZ_REG2\SERIAL_DWA_REGULATORY.ASM 3398 : Address label duplicated or different in second pass (wykryto_down_wyswietl_opcje_tabl)
Warning[208] C:\USERS\DANIEL\DOCUMENTS\PICI\TERMINAL18_8CZ_REG2\SERIAL_DWA_REGULATORY.ASM 3414 : Label truncated at 32 characters. (wykryto_down_wyswietl_opcje_tablicy_cztery)
Error[116]   C:\USERS\DANIEL\DOCUMENTS\PICI\TERMINAL18_8CZ_REG2\SERIAL_DWA_REGULATORY.ASM 3414 : Address label duplicated or different in second pass (wykryto_down_wyswietl_opcje_tabl)
Warning[208] C:\USERS\DANIEL\DOCUMENTS\PICI\TERMINAL18_8CZ_REG2\SERIAL_DWA_REGULATORY.ASM 3426 : Label truncated at 32 characters. (wykryto_down_wyswietl_opcje_tablicy_piata)
Error[116]   C:\USERS\DANIEL\DOCUMENTS\PICI\TERMINAL18_8CZ_REG2\SERIAL_DWA_REGULATORY.ASM 3426 : Address label duplicated or different in second pass (wykryto_down_wyswietl_opcje_tabl)
Warning[208] C:\USERS\DANIEL\DOCUMENTS\PICI\TERMINAL18_8CZ_REG2\SERIAL_DWA_REGULATORY.ASM 3437 : Label truncated at 32 characters. (wykryto_down_zmiana_polozenia_gwiazdki)
Warning[208] C:\USERS\DANIEL\DOCUMENTS\PICI\TERMINAL18_8CZ_REG2\SERIAL_DWA_REGULATORY.ASM 3500 : Label truncated at 32 characters. (wykryto_down_zmiana_opcji_wyswietl_kanaly)
Warning[208] C:\USERS\DANIEL\DOCUMENTS\PICI\TERMINAL18_8CZ_REG2\SERIAL_DWA_REGULATORY.ASM 3554 : Label truncated at 32 characters. (wykryto_down_sprawdz_3_zmniejsz_probki)
Warning[208] C:\USERS\DANIEL\DOCUMENTS\PICI\TERMINAL18_8CZ_REG2\SERIAL_DWA_REGULATORY.ASM 3613 : Label truncated at 32 characters. (wykryto_down_sprawdz_5_zawracanie)
Warning[208] C:\USERS\DANIEL\DOCUMENTS\PICI\TERMINAL18_8CZ_REG2\SERIAL_DWA_REGULATORY.ASM 3664 : Label truncated at 32 characters. (wykryto_down_sprawdz_6_zawracanie)
Warning[208] C:\USERS\DANIEL\DOCUMENTS\PICI\TERMINAL18_8CZ_REG2\SERIAL_DWA_REGULATORY.ASM 3803 : Label truncated at 32 characters. (wykryto_down_sprawdz15_nie_ma_zero)
Warning[208] C:\USERS\DANIEL\DOCUMENTS\PICI\TERMINAL18_8CZ_REG2\SERIAL_DWA_REGULATORY.ASM 3845 : Label truncated at 32 characters. (wykryto_down_sprawdz16_nie_ma_zero)
Warning[208] C:\USERS\DANIEL\DOCUMENTS\PICI\TERMINAL18_8CZ_REG2\SERIAL_DWA_REGULATORY.ASM 4139 : Label truncated at 32 characters. (wykryto_up_sprawdz_czy_wyswietlam_kolejne_opcje)
Warning[208] C:\USERS\DANIEL\DOCUMENTS\PICI\TERMINAL18_8CZ_REG2\SERIAL_DWA_REGULATORY.ASM 4230 : Label truncated at 32 characters. (wykryto_up_wyswietl_opcje_tablicy_pierwsza)
Warning[208] C:\USERS\DANIEL\DOCUMENTS\PICI\TERMINAL18_8CZ_REG2\SERIAL_DWA_REGULATORY.ASM 4252 : Label truncated at 32 characters. (wykryto_up_wyswietl_opcje_tablicy_dwa)
Error[116]   C:\USERS\DANIEL\DOCUMENTS\PICI\TERMINAL18_8CZ_REG2\SERIAL_DWA_REGULATORY.ASM 4252 : Address label duplicated or different in second pass (wykryto_up_wyswietl_opcje_tablic)
Warning[208] C:\USERS\DANIEL\DOCUMENTS\PICI\TERMINAL18_8CZ_REG2\SERIAL_DWA_REGULATORY.ASM 4279 : Label truncated at 32 characters. (wykryto_up_wyswietl_opcje_tablicy_trzy)
Error[116]   C:\USERS\DANIEL\DOCUMENTS\PICI\TERMINAL18_8CZ_REG2\SERIAL_DWA_REGULATORY.ASM 4279 : Address label duplicated or different in second pass (wykryto_up_wyswietl_opcje_tablic)
Warning[208] C:\USERS\DANIEL\DOCUMENTS\PICI\TERMINAL18_8CZ_REG2\SERIAL_DWA_REGULATORY.ASM 4301 : Label truncated at 32 characters. (wykryto_up_wyswietl_opcje_tablicy_cztery)
Error[116]   C:\USERS\DANIEL\DOCUMENTS\PICI\TERMINAL18_8CZ_REG2\SERIAL_DWA_REGULATORY.ASM 4301 : Address label duplicated or different in second pass (wykryto_up_wyswietl_opcje_tablic)
Warning[208] C:\USERS\DANIEL\DOCUMENTS\PICI\TERMINAL18_8CZ_REG2\SERIAL_DWA_REGULATORY.ASM 4324 : Label truncated at 32 characters. (wykryto_up_wyswietl_opcje_tablicy_end)
Error[116]   C:\USERS\DANIEL\DOCUMENTS\PICI\TERMINAL18_8CZ_REG2\SERIAL_DWA_REGULATORY.ASM 4324 : Address label duplicated or different in second pass (wykryto_up_wyswietl_opcje_tablic)
Warning[208] C:\USERS\DANIEL\DOCUMENTS\PICI\TERMINAL18_8CZ_REG2\SERIAL_DWA_REGULATORY.ASM 4325 : Label truncated at 32 characters. (wykryto_up_wyswietl_opcje_tablicy_piata)
Error[116]   C:\USERS\DANIEL\DOCUMENTS\PICI\TERMINAL18_8CZ_REG2\SERIAL_DWA_REGULATORY.ASM 4325 : Address label duplicated or different in second pass (wykryto_up_wyswietl_opcje_tablic)
Warning[208] C:\USERS\DANIEL\DOCUMENTS\PICI\TERMINAL18_8CZ_REG2\SERIAL_DWA_REGULATORY.ASM 4354 : Label truncated at 32 characters. (wykryto_up_zmiana_polozenia_gwiazdki)
Warning[208] C:\USERS\DANIEL\DOCUMENTS\PICI\TERMINAL18_8CZ_REG2\SERIAL_DWA_REGULATORY.ASM 4432 : Label truncated at 32 characters. (wykryto_up_zmiana_opcji_wyswietl_kanaly)
Warning[208] C:\USERS\DANIEL\DOCUMENTS\PICI\TERMINAL18_8CZ_REG2\SERIAL_DWA_REGULATORY.ASM 4498 : Label truncated at 32 characters. (wykryto_up_sprawdz_3_zwieksz_probki)
Warning[208] C:\USERS\DANIEL\DOCUMENTS\PICI\TERMINAL18_8CZ_REG2\SERIAL_DWA_REGULATORY.ASM 4886 : Label truncated at 32 characters. (sprawdz_zwiekszanie_godzin_normalnie)
Warning[208] C:\USERS\DANIEL\DOCUMENTS\PICI\TERMINAL18_8CZ_REG2\SERIAL_DWA_REGULATORY.ASM 5150 : Label truncated at 32 characters. (sprawdz_czy_wchodze_do_zmiany_opcji)
Warning[208] C:\USERS\DANIEL\DOCUMENTS\PICI\TERMINAL18_8CZ_REG2\SERIAL_DWA_REGULATORY.ASM 6067 : Label truncated at 32 characters. (odczytaj_adres_polozenia_gwiazdki)
Warning[208] C:\USERS\DANIEL\DOCUMENTS\PICI\TERMINAL18_8CZ_REG2\SERIAL_DWA_REGULATORY.ASM 6090 : Label truncated at 32 characters. (wykryto_enter_gdzie_wyswietlam_liczbe_bajtowa)
Warning[208] C:\USERS\DANIEL\DOCUMENTS\PICI\TERMINAL18_8CZ_REG2\SERIAL_DWA_REGULATORY.ASM 6143 : Label truncated at 32 characters. (enter_back_wyjsc_z_opcji_czujniki)
Warning[208] C:\USERS\DANIEL\DOCUMENTS\PICI\TERMINAL18_8CZ_REG2\SERIAL_DWA_REGULATORY.ASM 6180 : Label truncated at 32 characters. (procedura_wyswietlania_kolejnych_liczb_zegara)
Warning[208] C:\USERS\DANIEL\DOCUMENTS\PICI\TERMINAL18_8CZ_REG2\SERIAL_DWA_REGULATORY.ASM 6199 : Label truncated at 32 characters. (procedura_wyswietlania_kolejnych_liczb_zegara_1)
Error[116]   C:\USERS\DANIEL\DOCUMENTS\PICI\TERMINAL18_8CZ_REG2\SERIAL_DWA_REGULATORY.ASM 6199 : Address label duplicated or different in second pass (procedura_wyswietlania_kolejnych)
Warning[208] C:\USERS\DANIEL\DOCUMENTS\PICI\TERMINAL18_8CZ_REG2\SERIAL_DWA_REGULATORY.ASM 6211 : Label truncated at 32 characters. (procedura_wyswietlania_kolejnych_liczb_zegara_2)
Error[116]   C:\USERS\DANIEL\DOCUMENTS\PICI\TERMINAL18_8CZ_REG2\SERIAL_DWA_REGULATORY.ASM 6211 : Address label duplicated or different in second pass (procedura_wyswietlania_kolejnych)
Warning[208] C:\USERS\DANIEL\DOCUMENTS\PICI\TERMINAL18_8CZ_REG2\SERIAL_DWA_REGULATORY.ASM 6223 : Label truncated at 32 characters. (procedura_wyswietlania_kolejnych_liczb_zegara_3)
Error[116]   C:\USERS\DANIEL\DOCUMENTS\PICI\TERMINAL18_8CZ_REG2\SERIAL_DWA_REGULATORY.ASM 6223 : Address label duplicated or different in second pass (procedura_wyswietlania_kolejnych)
Warning[208] C:\USERS\DANIEL\DOCUMENTS\PICI\TERMINAL18_8CZ_REG2\SERIAL_DWA_REGULATORY.ASM 6234 : Label truncated at 32 characters. (procedura_wyswietlania_kolejnych_liczb_zegara_4)
Error[116]   C:\USERS\DANIEL\DOCUMENTS\PICI\TERMINAL18_8CZ_REG2\SERIAL_DWA_REGULATORY.ASM 6234 : Address label duplicated or different in second pass (procedura_wyswietlania_kolejnych)
Warning[208] C:\USERS\DANIEL\DOCUMENTS\PICI\TERMINAL18_8CZ_REG2\SERIAL_DWA_REGULATORY.ASM 6276 : Label truncated at 32 characters. (enter_back_wyjsc_z_opcji_wyswietlanie_liczby)
Warning[205] C:\USERS\DANIEL\DOCUMENTS\PICI\TERMINAL18_8CZ_REG2\SERIAL_DWA_REGULATORY.ASM 6646 : Found directive in column 1. (IF)
Warning[205] C:\USERS\DANIEL\DOCUMENTS\PICI\TERMINAL18_8CZ_REG2\SERIAL_DWA_REGULATORY.ASM 6649 : Found directive in column 1. (ENDIF)
Warning[205] C:\USERS\DANIEL\DOCUMENTS\PICI\TERMINAL18_8CZ_REG2\SERIAL_DWA_REGULATORY.ASM 6651 : Found directive in column 1. (IF)
Warning[205] C:\USERS\DANIEL\DOCUMENTS\PICI\TERMINAL18_8CZ_REG2\SERIAL_DWA_REGULATORY.ASM 6661 : Found directive in column 1. (IF)
Warning[205] C:\USERS\DANIEL\DOCUMENTS\PICI\TERMINAL18_8CZ_REG2\SERIAL_DWA_REGULATORY.ASM 6664 : Found directive in column 1. (ENDIF)
Warning[205] C:\USERS\DANIEL\DOCUMENTS\PICI\TERMINAL18_8CZ_REG2\SERIAL_DWA_REGULATORY.ASM 6666 : Found directive in column 1. (IF)
